0.032256335
0.000886985
0.000566273
0.00051487
0.001858337
0.000640305
0.000560965
0.00058918
0.000625499
0.000499226
0.00047101
0.000468495
0.000594209
0.000515707
0.000803733
0.001408
0.000817143
0.000618795
0.00062997
0.000480508
0.00098113
0.00049699
0.001756927
0.003877588
0.001012139
0.001681777
0.000577727
0.000588902
0.000661537
0.001894095
0.000595606
0.000870502
0.001107403
0.001183391
0.000968838
0.001470019
0.001071086
0.002272076
0.001190096
0.000876927
0.002162006
0.001288432
0.001290108
0.001568076
0.001121093
0.001355201
0.001541537
0.001065498
0.001472254
0.002008077
0.001218591
0.001559975
0.002325715
0.000945372
0.000978896
0.00146527
0.000582476
0.003311315
0.001098463
0.002003886
0.008562541
0.000671594
0.000704279
0.00113087
0.001511365
0.000541968
0.00074367
0.000625499
0.001747708
0.001104051
0.001268597
0.000820775
0.001714743
0.000760432
0.000709866
0.002308115
0.000790883
0.001199593
0.000966324
0.000877486
0.000954591
0.00060706
0.000934756
0.000775518
0.001096788
0.000988394
0.001792406
0.001266362
0.000978895
0.00079675
0.006170616
0.00127195
0.000965486
0.001686249
0.000632762
0.000643657
0.000896483
0.000933918
0.001073879
0.002339963
0.000688914
0.002308953
0.00068668
0.001332292
0.005418008
0.00103421
0.003288966
0.000684444
0.001205181
0.00072635
0.000632762
0.001477283
0.000681651
0.001312459
0.004206958
0.000680534
0.000746464
0.000632762
0.000777194
0.016576408
0.002024559
0.001817829
0.00106941
0.000883073
0.001525892
0.001122489
0.000771048
0.000924698
0.001088407
0.001409118
0.001093714
0.001688483
0.01023538
0.001340673
0.002870476
0.001453537
0.001548241
0.001361906
0.000728865
0.013720735
0.001621993
0.000644496
0.001313016
0.001108241
0.091780941
0.001146236
0.001028622
0.000630247
0.000852063
0.00190583
0.001746312
0.004307811
0.000839772
0.004394412
0.002006121
0.003059887
0.000899556
0.00064254
0.001220825
0.003428647
0.000908774
0.000726629
0.001725917
0.016996013
0.000650082
0.001130031
0.002604242
0.004058058
0.009374935
0.002748953
0.001912813
0.000577447
0.015353908
0.000848152
0.001447112
0.000919949
0.001182832
0.001388445
0.001318045
0.001085333
0.001217474
0.001127238
0.000852901
0.000653715
0.00080513
0.011953754
0.000585828
0.000928609
0.001814476
0.00105181
0.002647264
0.003028039
0.001136178
0.005252343
0.000853181
0.000747023
0.000553143
0.001365257
0.000713498
0.001880686
0.000943136
0.001399619
0.014502123
0.000585549
0.000667683
0.001872305
0.001325866
0.000964369
0.001611098
0.001065219
0.00064673
0.000841727
0.00086687
0.000467098
0.000452292
0.0004928
0.000401727
0.000760711
0.000417651
0.00042659
0.000420165
0.000552026
0.000423238
0.000411226
0.00058108
0.000445867
0.000542247
0.000408991
0.000471568
0.000567391
0.000631365
0.000420165
0.000464584
0.000520737
0.010063848
0.000868546
0.000529117
0.001488178
0.000815466
0.000940343
0.000862121
0.000517943
0.000497549
0.000515708
0.000407594
0.000526324
2.79e-07
0.000550349
0.000462908
0.000405638
0.000614046
0.000476317
0.000407035
0.00069115
0.000542807
0.000929727
0.000681092
0.000558451
0.000416534
0.000554261
0.000471847
0.001162998
0.000583594
0.001190096
0.000861562
0.000637511
0.00109567
0.001785702
0.002812928
0.000800102
0.001418057
0.001539303
0.001379505
0.000702883
0.001103772
0.0009152
0.013384385
0.001607747
0.00184325
0.000778032
0.001004038
0.000992305
0.001258819
0.000658743
0.000865194
0.000680254
0.001163276
0.000889777
0.000538616
0.000655111
0.00051906
0.000443632
0.002386057
0.001064103
0.001142044
0.000671873
0.000706514
0.000618515
0.001323073
0.000684165
0.000962693
0.000608457
0.000554261
0.000515429
0.000428267
0.000445308
6.4254e-05
0.006438527
0.001138692
0.00162395
0.001063264
0.001458007
0.001327543
0.000973866
0.000883632
0.00142169
0.001075835
0.000661816
0.001092039
0.000938946
0.002924394
0.000665168
0.001092597
0.000872737
0.000621308
0.001123885
0.01082428
0.000638908
0.000848152
0.002058641
0.000610133
0.003651582
0.000973308
0.001001244
0.001219708
0.001936838
0.000799542
0.001075555
0.001021918
0.000719924
0.000866311
0.000742832
0.001451302
0.001203784
0.000542806
0.001238425
0.000820775
0.000822731
0.000694781
0.000990908
0.000894527
0.000907378
0.006315328
0.000817982
0.001167467
0.006229562
0.000650083
0.000617397
0.000925816
0.000718806
0.001164673
0.001071086
0.001400738
0.001344864
0.000584152
0.000686958
0.002603962
0.000938946
0.00095012
0.000627175
0.000782502
0.0007216
0.000668521
0.001098743
0.000683886
0.100998865
0.000561524
0.001461359
0.000712381
0.001008787
0.001061587
0.000684444
0.001133664
0.002198045
0.00055007
0.000887263
0.001668368
0.001325867
0.001143441
0.001560254
0.001443759
0.008542707
0.000766298
0.000966603
0.000704559
0.000472127
0.00072607
0.000440279
0.000823288
0.000972751
0.000464305
0.000532749
0.00065567
0.000498946
0.000480229
0.002774654
0.000872737
0.000636952
0.00106913
0.00057214
0.000669917
0.000638069
0.000557055
0.000431061
0.000424915
0.000674388
0.001864762
0.000458159
0.000462908
0.00046207
0.0004048
0.000427708
0.000437207
0.000689473
0.001140368
0.001009346
0.001121092
0.000465142
0.00044447
0.000593931
0.000415416
0.000475759
0.000419327
0.0004048
0.000436089
0.000448381
0.000894527
0.000556775
0.000458159
0.000403683
0.000489727
0.000408153
0.000662654
0.000528
0.000430223
0.000452851
0.00055007
0.000470172
0.000484978
0.000433854
0.000502857
0.000575771
0.000394464
0.00043581
0.000420165
0.000490006
0.000487213
0.000408431
0.000705957
0.00044447
0.000446705
0.000517664
0.000587505
0.001457168
0.000416534
0.000467099
0.000484699
0.000439441
0.000441118
0.000474083
0.000645054
0.000603429
0.000448381
0.00107332
0.001303798
0.001059631
0.000532471
0.000410667
0.000888381
0.00074339
0.001010463
0.000622146
0.000482185
0.00050565
0.000472685
0.000482184
0.000421282
0.000518781
0.000433854
0.000446705
0.000832508
0.00067327
0.001057677
0.001263009
0.000687238
0.000675504
0.000568508
0.000441676
0.000501739
0.000489727
0.000447822
0.000541689
0.000626337
0.00047101
0.000420445
0.000415416
0.000408432
0.000603988
0.000516826
0.000671594
0.000547835
0.000733054
0.002536077
0.001115504
0.001087009
0.000612648
0.00054141
0.000600076
0.000476597
0.000636953
0.007204826
0.000535263
0.000736686
0.000645054
0.000611809
0.000484419
0.000433854
0.000414019
0.000494197
0.00042268
0.000480508
0.00058974
0.000494756
0.000481904
0.000766578
0.000454247
0.000412343
0.00049336
0.000456203
0.00054979
0.000556775
0.000957104
0.000664609
0.000441396
0.000467657
0.000423796
0.000417371
0.000548952
0.000411784
0.001261055
0.000552584
0.001027505
0.000515987
0.000500064
0.000427429
0.000405638
0.000460393
0.000460952
0.000457879
0.000579682
0.001923708
0.001119976
0.001345703
0.000766857
0.000931403
0.000534984
0.001882921
0.00089341
0.00081826
0.000438883
0.00051934
0.000578286
0.000460114
0.000413461
0.000546159
0.000421282
0.000448101
0.000398096
0.000714336
0.000787251
0.000653435
0.000414299
0.000412063
0.000513752
0.000517104
0.000953752
0.000562362
0.000432737
0.000782782
0.001135899
0.00051012
0.000618794
0.00043134
0.000502298
0.000435809
0.000478552
0.000414857
0.000459276
0.00288668
0.00073501
0.000632203
0.001849956
0.000793956
0.001470299
0.0007568
0.001339835
0.001505778
0.001503263
0.002595861
0.001056838
0.003031949
0.000583035
0.000462349
0.000417092
0.000479949
0.000569067
0.000459556
0.00054979
0.000666845
0.000521295
0.000446146
0.000651759
0.000457041
0.001099581
0.000520737
0.000604546
0.000487771
0.000871339
0.00051459
0.000457321
0.000547276
0.000420444
0.000469333
0.000614045
0.000451454
0.000575772
0.000597003
0.000453409
0.000488051
0.000410108
0.000460393
0.000596444
0.000582197
0.000504812
0.019087344
0.000788648
0.015345806
0.000599239
0.001544051
0.000850108
0.000794515
0.001378388
0.001176686
0.029140016
0.026667914
0.000735009
0.00129346
0.000956547
0.003047594
0.001110476
0.000704838
0.0005808
0.00058555
0.008196572
0.000698413
0.000731658
0.000925816
0.003579227
0.002432152
0.004758146
0.000738084
0.001404648
0.00092386
0.001211048
0.001329778
0.001941029
0.00135101
0.001081422
0.001168305
0.000623544
0.001284521
0.000838096
0.001004038
0.000903467
0.000405917
0.000933079
0.000561803
0.000909892
0.001983213
0.002400026
0.001060191
0.000729981
0.002453943
0.00158819
0.000605384
0.001899123
0.000605943
0.000919669
0.001299048
0.002026236
0.000497549
0.000873016
0.000573816
0.00141275
0.001977906
0.001069409
0.000579123
0.001282844
0.000693105
0.001149029
0.001456889
0.000970514
0.000532749
0.000691428
0.000783061
0.000619631
0.001068571
0.000966324
0.002628267
0.000579403
0.001017168
0.002932496
0.000942019
0.000933079
0.000931124
0.001897448
0.001217752
0.002156698
0.00476122
0.001421689
0.000486654
