0.143937847
0.001906946
0.002568762
0.001712788
0.003095924
0.001580927
0.002538871
0.002348343
0.001476165
0.001790731
0.001501588
0.001194286
0.003302376
0.00137755
0.001699378
0.002393321
0.001643784
0.001741845
0.002023441
0.001428952
0.001669206
0.002242744
0.002242464
0.001760838
0.001264965
0.0021472
0.002888915
0.001576178
0.00171614
0.002174858
0.001753295
0.002013104
0.004898108
0.003323047
0.002680508
0.003532293
0.002612902
0.002392761
0.002867962
0.004475988
0.0025696
0.002774934
0.003277791
0.00226593
0.002515683
0.002233803
0.002332141
0.002535239
0.002938921
0.002734705
0.002942273
0.001858057
0.001768102
0.002003048
0.003408255
0.001825372
0.001542934
0.00178682
0.002888077
0.001963937
0.0044176
0.001635124
0.003323049
0.003090337
0.003154033
0.007619683
0.002449753
0.001584279
0.004277359
0.002060597
0.004301384
0.002161727
0.003711645
0.00168066
0.006267277
0.002099149
0.004286019
0.003438705
0.00269755
0.00231454
0.003203758
0.001521702
0.001934603
0.004323734
0.005110984
0.008635454
0.003494577
0.005217144
0.001779835
0.012055721
0.001824813
0.001681219
0.012042871
0.016735926
0.006910376
0.01858393
0.001953321
0.002291632
0.001651607
0.003114083
0.00636673
0.010673424
0.004645283
0.00796051
0.016186136
0.006617322
0.004382122
0.002005004
0.001695467
0.007327468
0.015517057
0.002120661
0.001810844
0.008460863
0.016397892
0.0056239
0.008269765
0.005189766
0.007013182
0.013830528
0.006908979
0.001409956
0.002424331
0.002653689
0.002009195
0.001888787
0.003699632
0.025296512
0.003387023
0.001916165
0.035943117
0.002381867
0.01122545
0.002550045
0.005435887
0.001915607
0.001847441
0.012846884
0.002563733
0.016119927
0.207231366
0.006752814
0.004689982
0.001841575
0.033170136
0.002209777
0.004225118
0.001655797
0.001450743
0.002447238
0.002027911
0.00432988
0.00157953
0.002537752
0.008544941
0.007926148
0.00188348
0.001873144
0.001800787
0.02104988
0.001680381
0.01991091
0.005283074
0.001741562
0.001629257
0.002479923
0.00203741
0.009588928
0.008789663
0.0101999
0.004936103
0.002034616
0.003530896
0.008624002
0.007035532
0.001539302
0.004013918
0.005330566
0.001673397
0.006165587
0.005647925
0.001704407
0.010713093
0.00233633
0.006023671
0.002222629
0.001491251
0.006774603
0.004660369
0.001858057
0.003246502
0.002470147
0.004718198
0.002052216
0.004864585
0.001411073
0.008161373
0.003809142
0.01341623
0.011134095
0.001683454
0.011025145
0.003427531
0.001528127
0.007007315
0.010651634
0.002765715
0.001663899
0.002743086
0.002549766
0.001594337
0.001546006
0.001583721
0.001682336
0.001630933
0.001338997
0.001286197
0.001150146
0.001387885
0.001330336
0.001248203
0.001164673
0.001374755
0.001353244
0.001625066
0.001490413
0.001423366
0.001277536
0.001324191
0.001499633
0.0017072
0.001149029
0.001375035
0.001481194
0.056569758
0.004279595
0.070508961
0.002032381
0.001947734
0.001848559
0.002034057
0.001404928
0.001370565
0.001348216
0.001468344
0.001377549
0.0
0.001735137
0.001401016
0.001366096
0.001326705
0.001149029
0.001284521
0.001546844
0.001830958
0.00170273
0.001889347
0.001425321
0.001321118
0.001541537
0.001477003
0.009058972
0.006092953
0.00248579
0.002505905
0.002307836
0.001925106
0.001875657
0.002868521
0.008668421
0.00674974
0.002553117
0.003748242
0.001794642
0.002604801
0.002335492
0.030526225
0.002227377
0.007381386
0.007994033
0.017002999
0.002208382
0.007493691
0.007089448
0.015588574
0.001546844
0.009236369
0.004287974
0.001709435
0.001280052
0.001318324
0.001340114
0.004139633
0.001543492
0.00236315
0.003542629
0.001631772
0.001770617
0.008402465
0.001268317
0.001875658
0.001501587
0.00143426
0.001116064
0.001239543
0.001266921
3.073e-06
0.002331022
0.005811353
0.00243327
0.004337143
0.006232916
0.001970921
0.001901918
0.001599644
0.032685438
0.002129042
0.002228496
0.002584407
0.001733461
0.00302776
0.002069537
0.002333816
0.001506896
0.001582603
0.00296183
0.001658591
0.00173821
0.001768661
0.008247138
0.011579684
0.002469867
0.007934529
0.010809474
0.011336357
0.005405437
0.001541536
0.007557105
0.00397788
0.001554947
0.023327545
0.007919164
0.008235125
0.00433407
0.008221714
0.002201676
0.001828724
0.008522313
0.003599619
0.004516775
0.004608966
0.002003607
0.001839061
0.003924521
0.00725567
0.007131353
0.011755405
0.00164099
0.012061309
0.007147556
0.006327061
0.010402719
0.002212292
0.001962819
0.005049804
0.00256541
0.00365633
0.001653841
0.003513017
0.001881523
0.0017776
0.001743798
0.006692192
0.005040585
0.001660825
0.002145527
0.002075124
0.001968965
0.001607746
0.001882922
0.002612623
0.002049422
0.001658592
0.001900521
0.001792127
0.002522108
0.003033068
0.003031392
0.003195657
0.002607315
0.002389689
0.001973714
0.03797438
0.003558273
0.001401854
0.001445155
0.001450463
0.001313854
0.001793803
0.001797156
0.001380343
0.001468902
0.001406044
0.001445715
0.001399061
0.002451149
0.00152254
0.001533155
0.001427277
0.00182649
0.001386489
0.00142616
0.001338718
0.001252673
0.001148749
0.001558298
0.002338286
0.001395149
0.001249041
0.00137755
0.001233677
0.001621993
0.00150941
0.002152788
0.002482718
0.002049422
0.002070934
0.001402134
0.001118299
0.001431187
0.001225015
0.001528965
0.00132475
0.001293461
0.00107835
0.001475327
0.001929855
0.001811124
0.001382577
0.001261054
0.0015664
0.001445714
0.001438451
0.001315811
0.001449067
0.001366933
0.001296812
0.001463035
0.00177369
0.001222781
0.001249321
0.001476166
0.001203225
0.001385371
0.001425041
0.001179759
0.00128927
0.00135967
0.001321117
0.001285358
0.001372801
0.001353803
0.012176688
0.001492927
0.00145661
0.001379785
0.00135939
0.001189816
0.001323073
0.001380063
0.001526171
0.001540978
0.001497956
0.002471823
0.001476444
0.0025168
0.00152226
0.00280315
0.002337449
0.029483357
0.021956979
0.001861131
0.001170819
0.001326984
0.001137854
0.001432584
0.001475886
0.00143454
0.001425041
0.001440965
0.002698666
0.001780674
0.002803149
0.002726883
0.002031543
0.001895772
0.001593498
0.00224889
0.001457447
0.001432306
0.001571149
0.001608863
0.001512761
0.001497956
0.001443201
0.001331455
0.0011968
0.001398501
0.001415543
0.009854324
0.001942704
0.001454934
0.018496764
0.002236038
0.001461918
0.001524495
0.001606629
0.001591264
0.001541257
0.001382019
0.001721168
0.001132547
0.001424204
0.001087009
0.001142604
0.002082666
0.001176685
0.001332013
0.001841854
0.001275302
0.000979454
0.001410514
0.000989511
0.001177803
0.001438451
0.001414425
0.001387327
0.001168864
0.011021792
0.00156696
0.019773183
0.003250972
0.001427276
0.001438451
0.001304077
0.001347936
0.001087289
0.001044546
0.001391797
0.001448508
0.001276419
0.002566248
0.001436216
0.001507454
0.001201828
0.001508293
0.001461359
0.001329778
0.007017373
0.002318731
0.001701612
0.002003047
0.002473778
0.001541257
0.002289397
0.002241626
0.003406579
0.002234362
0.001458565
0.001528965
0.001488178
0.001193727
0.001151264
0.001391798
0.001171379
0.001210209
0.001249041
0.001285918
0.002018413
0.001352127
0.001342629
0.001345702
0.001407721
0.001279492
0.001256864
0.001327542
0.001336483
0.00116635
0.001588749
0.002550603
0.001956673
0.000733054
0.000924978
0.001114667
0.001385372
0.001403531
0.001352407
0.003798249
0.004881906
0.004624331
0.860224132
0.002809855
0.002303087
0.002672128
0.001409677
0.001366934
0.001811123
0.00247769
0.002379911
0.001787657
0.002876064
0.001431746
0.001228927
0.001334806
0.001188699
0.001246527
0.001038401
0.001200431
0.00130687
0.001044546
0.001318325
0.002044952
0.001290388
0.001932648
0.001178083
0.001532597
0.001433423
0.002271797
0.001368051
0.001007949
0.001256864
0.001304915
0.001321397
0.001311339
0.001463873
0.001537905
0.001473931
0.001370006
0.001332293
0.001345423
0.001364978
0.001421968
0.00124513
0.001199873
0.003642363
0.002318731
0.02380107
0.002076801
0.002220115
0.001693232
0.00664861
0.002500598
0.003076089
0.054309696
0.003747404
0.005141435
0.002249168
0.002229893
0.017296612
0.003725893
0.004210312
0.001538743
0.209811303
0.001706921
0.006256941
0.001924267
0.028998379
0.014986541
0.006082896
0.004070908
0.002866565
0.002388851
0.002493612
0.002865448
0.002554794
0.002514565
0.002848686
0.002976077
0.002478526
0.001955555
0.002103619
0.002081271
0.001967568
0.001253232
0.00129793
0.001779836
0.001810007
0.001825372
0.010003505
0.002450591
0.00850164
0.008744967
0.013912941
0.002206146
0.00206367
0.004138234
0.001881803
0.001919238
0.00187454
0.002998705
0.002990884
0.001903314
0.001619759
0.00282941
0.002799798
0.001943263
0.001691555
0.002036293
0.001735695
0.002378794
0.002633575
0.00248998
0.002055289
0.00172955
0.001265803
0.001784585
0.002246096
0.001952763
0.015808994
0.007416026
0.003094528
0.004303061
0.002009194
0.00188348
0.001999696
0.002009194
0.003035861
0.002678552
0.00170748
0.002155861
0.00184353
