0.000307022
0.000119288
2.7378e-05
8.353e-05
5.8667e-05
4.0228e-05
6.0623e-05
0.000147784
6.4813e-05
5.755e-05
4.2184e-05
6.2577e-05
0.000101968
6.2299e-05
7.5149e-05
8.6044e-05
8.3531e-05
6.3695e-05
4.7213e-05
6.5092e-05
5.5314e-05
4.386e-05
6.2857e-05
6.3695e-05
7.2914e-05
6.1739e-05
6.4254e-05
4.4978e-05
6.5092e-05
5.8667e-05
4.7212e-05
5.8388e-05
9.0514e-05
7.2915e-05
6.7327e-05
2.6539e-05
6.9561e-05
7.0958e-05
7.1517e-05
7.7104e-05
6.9003e-05
7.6825e-05
0.000133257
6.6769e-05
7.1518e-05
0.000190807
0.000120127
7.2355e-05
7.3194e-05
6.6488e-05
7.4311e-05
7.0959e-05
6.3695e-05
7.2356e-05
0.000727746
6.5931e-05
4.6095e-05
5.5314e-05
7.4869e-05
6.5092e-05
6.9841e-05
8.2971e-05
6.3137e-05
7.0679e-05
8.9118e-05
6.9003e-05
6.5651e-05
9.5822e-05
8.2413e-05
6.8724e-05
7.5149e-05
8.2972e-05
8.2412e-05
7.1238e-05
0.000173485
0.000113981
8.0178e-05
6.3136e-05
0.000158959
6.146e-05
6.1181e-05
8.5207e-05
6.2577e-05
0.000176
6.5371e-05
0.000129346
6.3974e-05
6.5092e-05
7.9898e-05
0.000238857
0.000103644
7.3752e-05
8.2692e-05
6.8165e-05
7.1238e-05
8.8558e-05
6.8444e-05
7.906e-05
9.5264e-05
7.6825e-05
0.000103366
7.8781e-05
0.001020521
0.00022461
8.7442e-05
0.000355073
9.1073e-05
0.000138565
6.9562e-05
8.9677e-05
7.6266e-05
5.8108e-05
6.3416e-05
6.5092e-05
0.000831949
6.7048e-05
8.4927e-05
6.4812e-05
0.000197511
7.1517e-05
0.000220139
7.1517e-05
6.7047e-05
0.000271823
5.4197e-05
6.2857e-05
0.000305625
0.000103086
6.8724e-05
0.00021539
8.7721e-05
0.000315683
6.0622e-05
6.8724e-05
0.00018494
5.4197e-05
6.9561e-05
0.000208685
7.4311e-05
6.7048e-05
6.3695e-05
0.000336915
0.000118172
6.2857e-05
6.2857e-05
8.9117e-05
8.0177e-05
0.000193321
5.9505e-05
0.000494476
6.8165e-05
0.000336915
6.2858e-05
0.000106997
0.000350883
9.4705e-05
0.000107835
7.934e-05
8.4648e-05
8.4369e-05
6.9003e-05
6.3974e-05
6.7885e-05
7.4031e-05
0.002339123
0.000177118
7.2355e-05
6.9841e-05
0.000235784
6.7327e-05
6.8724e-05
7.3752e-05
0.000192762
7.7384e-05
7.2355e-05
6.9562e-05
6.0343e-05
9.1911e-05
0.000143873
6.2857e-05
8.0178e-05
0.000142477
6.5651e-05
9.666e-05
0.000177397
6.9562e-05
6.9842e-05
0.000120686
8.0736e-05
0.000181308
0.000254222
0.000120407
7.4031e-05
6.3416e-05
7.7105e-05
0.000120127
0.000336914
7.8502e-05
8.0737e-05
6.2578e-05
7.3752e-05
0.000276012
6.6489e-05
9.3867e-05
7.2914e-05
8.5207e-05
7.934e-05
8.1295e-05
0.000122083
6.7886e-05
5.727e-05
6.593e-05
5.0845e-05
4.4698e-05
4.0508e-05
3.4083e-05
3.7435e-05
3.967e-05
3.6597e-05
3.6597e-05
3.9949e-05
3.6318e-05
3.6038e-05
3.7155e-05
4.2464e-05
4.0508e-05
3.6597e-05
3.7993e-05
3.9111e-05
4.1625e-05
3.7714e-05
3.8831e-05
5.1962e-05
0.000316242
0.000197232
6.8445e-05
6.1181e-05
5.727e-05
0.000117892
0.000230757
5.0565e-05
3.8273e-05
3.8831e-05
3.6038e-05
3.6038e-05
0.0
5.0845e-05
3.9391e-05
3.7994e-05
4.6095e-05
6.2857e-05
3.4362e-05
5.1124e-05
4.2743e-05
4.833e-05
8.6603e-05
8.9117e-05
0.000126552
4.0228e-05
4.5816e-05
4.1346e-05
7.4591e-05
0.000245283
9.5263e-05
7.04e-05
5.5873e-05
6.9841e-05
7.2076e-05
6.8165e-05
7.2635e-05
6.3696e-05
6.3975e-05
5.7549e-05
5.1962e-05
6.3415e-05
0.00014499
0.000236902
0.000157562
9.247e-05
8.5765e-05
8.6324e-05
0.000454527
7.2914e-05
6.8165e-05
6.4813e-05
0.001029461
0.000167061
0.000124038
5.5594e-05
4.5258e-05
4.4419e-05
0.000183822
0.000255898
7.1797e-05
0.000138845
6.9283e-05
5.5873e-05
7.0959e-05
6.9841e-05
5.5593e-05
6.4813e-05
5.3638e-05
4.2184e-05
4.1626e-05
4.0508e-05
4.1066e-05
0.012726196
0.000487772
7.2634e-05
6.3136e-05
7.1238e-05
6.8165e-05
5.3917e-05
0.000175162
0.000253105
6.2858e-05
7.2076e-05
6.2298e-05
7.7105e-05
7.934e-05
7.5708e-05
8.9118e-05
6.8445e-05
6.9283e-05
5.699e-05
0.003057652
7.04e-05
6.3136e-05
8.6324e-05
7.068e-05
0.000105321
0.000135492
8.1575e-05
0.000115099
0.000169296
6.9841e-05
8.353e-05
7.6267e-05
9.3866e-05
7.4869e-05
7.487e-05
7.2635e-05
0.000142756
8.381e-06
6.1181e-05
8.4089e-05
9.9454e-05
7.3752e-05
7.9619e-05
8.4648e-05
8.6603e-05
6.5092e-05
9.7498e-05
7.2635e-05
8.2133e-05
7.6267e-05
6.7048e-05
7.2635e-05
0.000103645
0.000214832
0.000150298
0.000104483
8.353e-05
0.000331885
0.000106997
0.000516267
8.6882e-05
7.2635e-05
0.000130464
0.000156165
7.5708e-05
6.6209e-05
0.004241322
0.000131023
0.000144991
5.5314e-05
5.4477e-05
5.1962e-05
6.118e-05
5.4755e-05
5.3359e-05
0.00023774
8.7162e-05
7.5988e-05
4.9447e-05
0.000232432
0.000320153
0.000239695
5.1962e-05
5.5315e-05
5.3079e-05
0.000219301
0.000305625
4.4698e-05
6.4813e-05
4.3861e-05
3.995e-05
0.000115937
8.0736e-05
4.1905e-05
6.4254e-05
0.000122641
9.3028e-05
4.9448e-05
6.2857e-05
5.6711e-05
6.8445e-05
4.6374e-05
4.1905e-05
4.414e-05
4.0229e-05
6.0343e-05
4.0787e-05
3.8832e-05
4.2185e-05
4.1905e-05
4.833e-05
3.7715e-05
3.7155e-05
3.9669e-05
6.2857e-05
4.1626e-05
2.6819e-05
0.000209804
5.1682e-05
5.2242e-05
4.8051e-05
3.7994e-05
3.8552e-05
3.9111e-05
4.5258e-05
3.7994e-05
0.000134095
3.8831e-05
6.0063e-05
9.4426e-05
6.0902e-05
4.3023e-05
3.7435e-05
3.52e-05
3.8832e-05
3.8553e-05
5.6991e-05
3.8553e-05
4.0229e-05
4.0788e-05
3.7714e-05
4.6654e-05
3.7156e-05
3.8832e-05
4.6375e-05
3.7435e-05
4.1905e-05
3.8273e-05
3.5479e-05
3.7994e-05
3.6038e-05
3.4641e-05
4.4419e-05
3.7714e-05
3.5759e-05
4.7772e-05
5.2521e-05
6.4254e-05
3.8832e-05
3.7715e-05
4.2184e-05
9.9454e-05
0.000115378
6.7327e-05
6.2857e-05
4.5816e-05
4.2184e-05
6.5371e-05
5.4197e-05
4.6654e-05
4.8889e-05
4.6654e-05
6.5092e-05
0.000194158
6.4813e-05
4.6654e-05
0.000168457
4.0788e-05
3.8832e-05
4.3302e-05
5.8108e-05
3.6318e-05
4.2463e-05
0.000165664
6.7606e-05
0.000115098
6.5371e-05
5.6431e-05
4.9727e-05
4.3581e-05
4.3302e-05
4.3581e-05
6.5092e-05
3.7155e-05
6.5372e-05
0.000116496
4.7492e-05
3.7714e-05
3.548e-05
3.5758e-05
4.2184e-05
6.0343e-05
3.939e-05
5.9226e-05
7.6266e-05
0.000917156
0.0
0.000219301
4.9447e-05
6.593e-05
8.4647e-05
4.3302e-05
6.2578e-05
3.6597e-05
5.8107e-05
4.4139e-05
5.727e-05
3.7435e-05
3.7994e-05
4.2743e-05
3.7435e-05
4.2184e-05
3.9949e-05
3.6038e-05
4.3581e-05
0.000155607
3.939e-05
0.000200027
4.1905e-05
3.7435e-05
3.5479e-05
0.000288584
5.3359e-05
3.967e-05
7.487e-05
5.6432e-05
3.9949e-05
3.5759e-05
3.8553e-05
3.7155e-05
3.5479e-05
3.8832e-05
3.9111e-05
3.939e-05
7.4312e-05
4.386e-05
3.7715e-05
0.000113981
3.7714e-05
5.9505e-05
4.4699e-05
3.8553e-05
5.8946e-05
5.1962e-05
0.000113143
0.000231314
6.9562e-05
0.000467657
4.5537e-05
9.4426e-05
6.2857e-05
0.000115377
4.3581e-05
4.0507e-05
3.939e-05
5.8387e-05
3.7994e-05
3.6317e-05
3.995e-05
3.6876e-05
3.4641e-05
6.8165e-05
0.000121524
4.7771e-05
3.6876e-05
3.8273e-05
3.8832e-05
4.3581e-05
3.7994e-05
3.7435e-05
3.9112e-05
3.6038e-05
0.000120686
4.6095e-05
4.3302e-05
3.7435e-05
3.6038e-05
3.7714e-05
3.7155e-05
3.6597e-05
3.52e-05
9.9175e-05
8.8559e-05
0.000135213
0.000271543
0.000753727
0.000141638
5.4196e-05
5.28e-05
0.000370438
0.00040899
6.6209e-05
0.000191085
0.000263441
7.7943e-05
4.3581e-05
5.6711e-05
3.8273e-05
3.8273e-05
9.0794e-05
0.000154769
3.9391e-05
4.0508e-05
3.6038e-05
3.6318e-05
4.0788e-05
4.3581e-05
3.9112e-05
5.0565e-05
3.967e-05
0.000150019
3.9111e-05
3.967e-05
3.967e-05
3.967e-05
3.6876e-05
4.2185e-05
0.000193321
9.4705e-05
3.8831e-05
4.1625e-05
3.6038e-05
3.6038e-05
4.5816e-05
4.5257e-05
3.8273e-05
3.7435e-05
3.5479e-05
9.0514e-05
4.4419e-05
6.8165e-05
0.000100013
7.4032e-05
7.8502e-05
0.000154769
6.6769e-05
0.000392229
9.4425e-05
0.000231314
0.00033943
0.000155327
6.9562e-05
7.04e-05
8.3251e-05
6.5371e-05
7.5708e-05
9.5543e-05
8.1854e-05
6.4813e-05
0.00013633
7.1238e-05
7.7942e-05
6.3416e-05
7.0121e-05
5.9225e-05
0.000176
0.000248076
0.00022014
6.146e-05
5.9505e-05
8.0737e-05
5.3359e-05
6.6768e-05
4.5257e-05
5.0007e-05
4.6654e-05
4.414e-05
4.4419e-05
4.5257e-05
6.9562e-05
4.4419e-05
6.9562e-05
0.000191644
0.000158959
7.7104e-05
0.000422958
0.000362337
7.7663e-05
6.6489e-05
0.000231314
7.04e-05
5.28e-05
4.8051e-05
0.000130742
7.4591e-05
5.0286e-05
0.00020673
0.00022405
0.000154209
5.4476e-05
0.000248356
5.0286e-05
9.2749e-05
8.4089e-05
0.000139961
5.6152e-05
7.0679e-05
5.2521e-05
4.7212e-05
5.1403e-05
5.0286e-05
6.565e-05
6.9841e-05
6.2578e-05
6.5651e-05
5.7829e-05
0.000157282
7.2914e-05
6.6209e-05
6.2019e-05
6.6209e-05
0.000145549
0.000170971
9.2191e-05
6.5092e-05
