0.008046274
0.006595251
0.003280305
0.004003581
0.003384509
0.002967975
0.004244114
0.003050667
0.004375137
0.003322489
0.002997867
0.006634643
0.003417195
0.004605333
0.003729244
0.023922874
0.128954635
0.009008146
0.003093689
0.004409218
0.003343441
0.003464687
0.007748471
0.003589284
0.004667074
0.003430044
0.004094653
0.003010718
0.003785118
0.003510223
0.003985981
0.003968939
0.004599467
0.004952865
0.005201499
0.004346083
0.005401804
0.004502807
0.005230274
0.004995327
0.00398207
0.004562592
0.005733131
0.004326247
0.005185017
0.006064738
0.005547072
0.005287544
0.004407823
0.003843785
0.004658134
0.004679087
0.003742933
0.004678528
0.028434619
0.035816282
0.003856916
0.003328914
0.004454756
0.003887086
0.003777854
0.004504483
0.003398757
0.005007341
0.020853208
0.006837182
0.005411301
0.008341003
0.004181258
0.004799213
0.005604624
0.004256406
0.005392026
0.010651075
0.009506236
0.010090109
0.003649346
0.003456025
0.004496661
0.003485359
0.004022856
0.005076065
0.005265754
0.011871901
0.079522956
0.017890264
0.016554337
0.006688001
0.027288664
0.006515911
0.009226034
0.005353753
0.039976309
0.007107328
0.038153729
0.004059733
0.00822367
0.01131345
0.011498948
0.017584916
0.007531684
0.005239773
0.010084799
0.030319774
0.019668141
1.190209648
0.006940268
0.011912407
0.169269558
0.45768247
0.007734783
0.005065448
0.104140317
0.018577221
0.023289556
0.016397335
0.010463622
0.024704256
0.009552053
0.007739532
0.017368407
0.01566959
1.164122535
0.007083024
0.005586463
0.013380472
0.098004355
0.021431215
0.009452319
0.018882287
0.03747683
0.394856888
0.005534781
0.011061741
0.007155099
0.004970744
0.004953422
0.198012317
0.153210535
0.016339227
0.010201018
0.028529324
0.035827738
0.831880588
0.006476801
0.102280876
0.003895468
0.003585652
0.003939607
0.006268115
0.014178058
0.004935544
0.006117538
0.006544685
0.130356511
0.006284318
0.017831594
0.00902517
0.010749411
0.005230833
0.00617369
0.006303316
0.007386414
0.014277793
0.010280637
0.009358731
0.00407007
0.008876828
0.016568586
0.025875077
0.003673651
0.017874617
0.003896864
0.019589918
0.004468166
0.007516318
0.003391772
0.009562668
0.015257525
0.006686604
0.009780852
0.014416357
0.004479061
0.012743798
0.008919011
0.01701641
0.003633423
0.020381362
0.00567167
0.010268622
0.010860599
0.009036065
0.004058896
0.006612572
0.012321957
0.017386288
0.010130059
0.004409778
0.030782964
0.004410058
0.03438342
0.004626845
0.009755709
0.0194494
0.009414883
0.004150807
0.036341769
0.006978541
0.003635658
0.004525436
0.004081246
0.00434273
0.003140064
0.003993245
0.003154592
0.003074413
0.003573359
0.003565258
0.00297021
0.002966019
0.003257397
0.002954287
0.003378642
0.003798249
0.003499886
0.003623925
0.002963784
0.003073295
0.003391771
0.004021741
0.003188115
0.003851887
0.00555769
0.274219768
0.047835131
0.006088763
0.005884547
0.006752254
0.006173131
0.004343569
0.003708014
0.003123302
0.003104025
0.00307609
0.003262705
0.041831573
0.002162287
0.004936941
0.003210744
0.003124698
0.003638171
0.002870476
0.007774453
0.003405181
0.003505474
0.003210184
0.039779076
0.003227506
0.003971454
0.010862555
0.003694604
0.008094605
0.00934169
0.034495726
0.792570562
0.005269944
0.009718553
0.005800179
0.008111087
0.024425172
1.197258032
0.016402083
0.005259049
0.004581029
0.008630426
0.004914312
0.045953606
0.006469538
0.038938467
0.045068018
0.013186033
0.016726428
0.015903139
0.343403421
0.017818466
0.512211188
0.010372825
0.005756319
0.005026896
0.004832179
0.004511188
0.009811581
0.060377225
0.015427102
0.005521371
0.010744661
0.004704509
0.020155914
0.0109743
0.005668878
0.00471708
0.005200941
0.003659403
0.005054553
0.004126224
0.004103315
0.065739083
0.008059406
0.019960636
0.005497348
0.034433147
0.005207925
0.004175391
0.00969341
0.008214172
0.004650871
0.007064306
0.005270781
0.02406954
0.007549841
0.032792716
0.014102351
0.020534171
0.014805794
0.00410136
0.039347177
0.008260547
0.006070883
0.005889574
0.020347279
0.006576535
0.010126986
0.011927772
0.006661741
0.010815901
0.00798593
0.005311012
0.004363684
0.021576485
0.011695621
0.008565894
0.010911721
0.004476267
0.008571759
0.005288383
0.013309513
0.009757664
0.009153956
0.004239924
0.004402236
0.004874363
0.006544967
0.010080891
0.010006857
0.018246454
0.013026237
0.007924191
0.009304815
0.043113301
0.006175366
0.01545839
0.011754008
0.017768179
0.011978618
0.102710541
1.077493648
0.018233882
0.008713398
0.008335974
0.006551671
0.004943087
0.033700652
0.010373943
0.032532067
3.746232273
0.310417668
0.004163658
0.004886376
0.004957055
0.005145906
0.00416226
0.004395251
1.683665662
0.01234319
0.005043379
0.005141155
0.005268547
0.004757868
0.005433092
0.005250108
0.009639493
0.473343957
0.011657349
0.003800762
0.003710807
0.003916699
0.003513016
0.023125007
0.005746819
0.003756064
0.003258794
0.003670578
0.019297145
0.045519751
0.003492622
0.003228343
0.005250388
0.004572927
0.003620572
0.00396894
0.003873397
0.039376512
0.003182528
0.00355548
0.003566933
0.002842261
0.003045638
0.003235327
0.002993118
0.003343162
0.003019938
0.00333534
0.004716522
0.003972014
0.005189486
0.005520814
0.003135036
0.004179302
0.002906235
0.003468877
0.00360353
0.003443454
0.003466084
0.003730363
0.004355582
0.025950785
0.004889168
0.003765004
0.003267733
0.003455187
0.003882337
0.003178337
0.002962388
0.003347632
0.003827303
0.003554642
0.002712076
0.004308927
0.003366908
0.003227505
0.003760534
0.003148445
0.00389882
0.003082236
0.003487035
0.002856508
0.003281702
0.003179734
0.003499328
0.003520001
0.004440508
0.02160023
0.048972983
0.003735391
0.003739302
0.002994236
0.003320254
0.003161016
0.003117435
0.006444952
0.010755557
0.00339261
0.003597943
0.034275305
0.010075023
0.004037664
0.004523201
0.00379294
0.077689761
0.036629795
0.015839445
0.00400861
0.00381948
0.003412165
0.003430883
0.003817244
0.003195377
0.003892115
0.003747404
0.014571405
0.025884295
0.010619228
0.005930364
0.001016889
0.004553092
0.003600738
0.003865854
0.004106388
0.003452953
0.003759975
0.003321373
0.003677562
0.003072178
0.003688737
0.003140064
0.003215772
0.004170083
0.003569448
0.003690134
0.00601082
0.005800738
1.11613543
0.043665325
0.004636623
0.003608001
0.003624204
0.008306641
0.00368315
0.003170794
0.003235327
0.003804394
0.00358649
0.002813207
0.003268851
0.002966578
0.003173867
0.003113525
0.003330032
0.003335619
0.002715988
0.003050387
0.003173587
0.003611353
0.004728813
0.002791137
0.003520559
0.003163809
0.003443734
0.022386364
0.00357755
0.007966654
0.007221589
0.00345016
0.002816
0.003421384
0.003658286
0.003536762
0.003516927
0.003510502
0.003069665
0.033797871
0.004396369
0.003879543
0.003131961
0.003885411
0.00395162
0.003113524
0.003176661
0.011971073
0.005756877
0.004550299
0.00440922
0.003353499
0.003155428
0.004003023
0.006651404
0.006892775
0.004146337
0.003119111
0.003231416
0.003416635
0.003534528
0.003376966
0.003124978
0.003024128
0.003401269
0.002989765
0.014556598
0.040714114
0.003934858
0.003252928
0.003394286
0.003445969
0.003058211
0.003912788
0.0032912
0.003398197
0.00291741
0.025387585
0.004528229
0.004068673
0.002766552
0.003206273
0.003757461
0.003180851
0.003039493
0.003059607
0.010994693
0.023709436
0.523867978
0.011181869
0.004834972
1.805647366
0.007537551
0.005148699
0.010754438
1.945812667
0.017159724
0.006089879
0.504300968
0.005168533
0.003374452
0.00323393
0.003796572
0.003935137
0.004048001
0.003460495
0.003199569
0.003026642
0.003167161
0.002565409
0.0039776
0.00288193
0.004065321
0.003525308
0.003891835
0.021582071
0.004128179
0.003174426
0.002761524
0.003307125
0.003434515
0.003431721
0.002700902
0.002937524
0.002837791
0.003882057
0.002896178
0.00318113
0.003029994
0.004543874
0.0037136
0.002826336
0.003717512
0.004313677
0.0045584
0.096299949
0.011161194
0.016818618
0.008872635
0.003868648
0.007732268
0.016859685
0.044152259
0.04557367
0.005244521
0.060057633
0.011696459
0.016030808
0.032233425
0.018038884
0.003130287
0.018876421
0.007794845
0.004130972
0.051566608
0.009998198
0.026650594
0.004954261
0.02763284
0.012523101
0.006757284
0.01197275
0.010450212
0.01490804
0.020935061
0.215081526
0.004693334
0.004139633
0.004377651
0.003834287
0.003305727
0.003786794
0.003103187
0.003899937
0.004063645
0.003985702
0.031756832
0.006647213
0.004549741
0.022698695
0.722800522
0.038704082
0.005542883
0.005721398
0.006215035
0.00445336
0.004649753
0.003402667
0.004960407
0.005994617
0.006170617
0.027535342
0.005189766
0.004775467
0.005254579
0.006089881
0.004475988
0.019560306
0.006246046
0.004458109
0.004907047
1.061939157
0.00426395
0.004599188
0.005480026
0.004211709
0.636605488
0.022338593
0.005190604
0.005610489
0.005791518
0.00609854
0.003914464
0.006493284
0.011309817
0.210606376
0.008857271
0.00529341
0.004630477
0.013523506
